<?xml version="1.0" encoding="UTF-8"?>
<!-- Generated by org.testng.reporters.JUnitReportReporter -->
<testsuite hostname="RedBeast" failures="0" tests="1" name="Order_Test" time="71.233" errors="0" timestamp="2021-09-23T17:00:56 IST" skipped="0">
  <testcase classname="Order_Test" name="openPage" time="71.233"/>
  <system-out/>
</testsuite> <!-- Order_Test -->
