<?xml version="1.0" encoding="UTF-8"?>
<!-- Generated by org.testng.reporters.JUnitReportReporter -->
<testsuite hostname="RedBeast" failures="0" tests="1" name="Order_Test" time="42.602" errors="0" timestamp="2021-09-23T01:36:12 IST" skipped="0">
  <testcase classname="Order_Test" name="openPage" time="42.602"/>
  <system-out/>
</testsuite> <!-- Order_Test -->
